#-----------------------------------------------------------
# Vivado v2018.3 (64-bit)
# SW Build 2405991 on Thu Dec  6 23:38:27 MST 2018
# IP Build 2404404 on Fri Dec  7 01:43:56 MST 2018
# Start of session at: Sun Apr 21 10:30:01 2019
# Process ID: 7460
# Current directory: D:/CSULB_Classes/CECS_461/Lab_5/Lab_4/Lab_3/project_4
# Command line: vivado.exe -gui_launcher_event rodinguilauncherevent12048 D:\CSULB_Classes\CECS_461\Lab_5\Lab_4\Lab_3\project_4\project_4.xpr
# Log file: D:/CSULB_Classes/CECS_461/Lab_5/Lab_4/Lab_3/project_4/vivado.log
# Journal file: D:/CSULB_Classes/CECS_461/Lab_5/Lab_4/Lab_3/project_4\vivado.jou
#-----------------------------------------------------------
start_gui
open_project D:/CSULB_Classes/CECS_461/Lab_5/Lab_4/Lab_3/project_4/project_4.xpr
INFO: [Project 1-313] Project file moved from 'D:/CSULB_Classes/CECS_461/Lab_4/Lab_3/project_4' since last save.
Scanning sources...
Finished scanning sources
INFO: [IP_Flow 19-234] Refreshing IP repositories
INFO: [IP_Flow 19-1700] Loaded user IP repository 'd:/CSULB_Classes/CECS_461/Lab_5/Lab_4/Lab_3/led_ip'.
INFO: [IP_Flow 19-2313] Loaded Vivado IP repository 'C:/Xilinx/Vivado/2018.3/data/ip'.
WARNING: [IP_Flow 19-3664] IP 'system_led_ip_0_0' generated file not found 'd:/CSULB_Classes/CECS_461/Lab_5/Lab_4/Lab_3/project_4/project_4.srcs/sources_1/bd/lab3_user_logic.v'. Please regenerate to continue.
WARNING: [IP_Flow 19-3664] IP 'system_led_ip_0_0' generated file not found 'd:/CSULB_Classes/CECS_461/Lab_5/Lab_4/Lab_3/project_4/project_4.srcs/sources_1/bd/lab3_user_logic.v'. Please regenerate to continue.
open_project: Time (s): cpu = 00:01:02 ; elapsed = 00:00:33 . Memory (MB): peak = 743.719 ; gain = 118.035
open_hw
connect_hw_server
INFO: [Labtools 27-2285] Connecting to hw_server url TCP:localhost:3121
INFO: [Labtools 27-2222] Launching hw_server...
INFO: [Labtools 27-2221] Launch Output:

****** Xilinx hw_server v2018.3
  **** Build date : Dec  7 2018-00:40:27
    ** Copyright 1986-2018 Xilinx, Inc. All Rights Reserved.


update_compile_order -fileset sources_1
disconnect_hw_server localhost:3121
connect_hw_server
INFO: [Labtools 27-2285] Connecting to hw_server url TCP:localhost:3121
disconnect_hw_server localhost:3121
connect_hw_server
INFO: [Labtools 27-2285] Connecting to hw_server url TCP:localhost:3121
open_hw_target
INFO: [Labtoolstcl 44-466] Opening hw_target localhost:3121/xilinx_tcf/Digilent/210351A81A7FA
open_hw_target: Time (s): cpu = 00:00:16 ; elapsed = 00:00:19 . Memory (MB): peak = 1759.043 ; gain = 845.672
set_property PROGRAM.FILE {D:/CSULB_Classes/CECS_461/Lab_5/Lab_4/Lab_3/project_4/project_4.runs/impl_1/system_wrapper.bit} [get_hw_devices xc7z010_1]
current_hw_device [get_hw_devices xc7z010_1]
refresh_hw_device -update_hw_probes false [lindex [get_hw_devices xc7z010_1] 0]
INFO: [Labtools 27-1435] Device xc7z010 (JTAG device index = 1) is not programmed (DONE status = 0).
open_bd_design {D:/CSULB_Classes/CECS_461/Lab_5/Lab_4/Lab_3/project_4/project_4.srcs/sources_1/bd/system/system.bd}
Adding cell -- xilinx.com:ip:processing_system7:5.5 - processing_system7_0
Adding cell -- xilinx.com:ip:axi_gpio:2.0 - switches
Adding cell -- xilinx.com:ip:axi_interconnect:2.1 - ps7_0_axi_periph
Adding cell -- xilinx.com:ip:axi_crossbar:2.1 - xbar
Adding cell -- xilinx.com:ip:axi_protocol_converter:2.1 - auto_pc
Adding cell -- xilinx.com:ip:axi_protocol_converter:2.1 - auto_pc
Adding cell -- xilinx.com:ip:axi_protocol_converter:2.1 - auto_pc
Adding cell -- xilinx.com:ip:axi_protocol_converter:2.1 - auto_pc
Adding cell -- xilinx.com:ip:proc_sys_reset:5.0 - rst_ps7_0_100M
Adding cell -- xilinx.com:ip:axi_gpio:2.0 - buttons
Adding cell -- xilinx.com:user:led_ip:1.0 - led_ip
Adding cell -- xilinx.com:ip:axi_bram_ctrl:4.1 - axi_bram_ctrl_0
Adding cell -- xilinx.com:ip:blk_mem_gen:8.4 - axi_bram_ctrl_0_bram
Successfully read diagram <system> from BD file <D:/CSULB_Classes/CECS_461/Lab_5/Lab_4/Lab_3/project_4/project_4.srcs/sources_1/bd/system/system.bd>
open_bd_design: Time (s): cpu = 00:00:34 ; elapsed = 00:00:29 . Memory (MB): peak = 1897.488 ; gain = 122.125
save_project_as project_5 D:/CSULB_Classes/CECS_461/Lab_5/Lab_4/Lab_3/project_5 -force
save_project_as: Time (s): cpu = 00:00:15 ; elapsed = 00:00:11 . Memory (MB): peak = 1919.500 ; gain = 4.676
import_files
INFO: [filemgmt 20-334] All file(s) are already imported in fileset: 'system'
INFO: [filemgmt 20-348] Importing the appropriate files for fileset: 'system'
INFO: [filemgmt 20-348] Importing the appropriate files for fileset: 'constrs_1'
INFO: [filemgmt 20-334] All file(s) are already imported in fileset: 'sources_1'
INFO: [filemgmt 20-348] Importing the appropriate files for fileset: 'sources_1'
launch_sdk -workspace D:/CSULB_Classes/CECS_461/Lab_5/Lab_4/Lab_3/project_5/project_5.sdk -hwspec D:/CSULB_Classes/CECS_461/Lab_5/Lab_4/Lab_3/project_5/project_5.sdk/system_wrapper.hdf
INFO: [Vivado 12-393] Launching SDK...
INFO: [Vivado 12-417] Running xsdk -workspace D:/CSULB_Classes/CECS_461/Lab_5/Lab_4/Lab_3/project_5/project_5.sdk -hwspec D:/CSULB_Classes/CECS_461/Lab_5/Lab_4/Lab_3/project_5/project_5.sdk/system_wrapper.hdf
INFO: [Vivado 12-3157] SDK launch initiated. Please check console for any further messages.
ERROR: [Labtoolstcl 44-513] HW Target shutdown. Closing target: localhost:3121/xilinx_tcf/Digilent/210351A81A7FA
INFO: [Labtoolstcl 44-466] Opening hw_target localhost:3121/xilinx_tcf/Digilent/210351A81A7FA
WARNING: [Labtoolstcl 44-129] No matching hw_ila_data was found.
INFO: [Labtools 27-1435] Device xc7z010 (JTAG device index = 1) is not programmed (DONE status = 0).
WARNING: [Labtoolstcl 44-129] No matching hw_ila_data was found.
ERROR: [Labtoolstcl 44-513] HW Target shutdown. Closing target: localhost:3121/xilinx_tcf/Digilent/210351A81A7FA
INFO: [Labtoolstcl 44-466] Opening hw_target localhost:3121/xilinx_tcf/Digilent/210351A81A7FA
WARNING: [Labtoolstcl 44-129] No matching hw_ila_data was found.
INFO: [Labtools 27-1435] Device xc7z010 (JTAG device index = 1) is not programmed (DONE status = 0).
WARNING: [Labtoolstcl 44-129] No matching hw_ila_data was found.
refresh_hw_device [lindex [get_hw_devices xc7z010_1] 0]
INFO: [Labtools 27-1435] Device xc7z010 (JTAG device index = 1) is not programmed (DONE status = 0).
open_bd_design {D:/CSULB_Classes/CECS_461/Lab_5/Lab_4/Lab_3/project_5/project_5.srcs/sources_1/bd/system/system.bd}
launch_sdk -workspace D:/CSULB_Classes/CECS_461/Lab_5/Lab_4/Lab_3/project_5/project_5.sdk -hwspec D:/CSULB_Classes/CECS_461/Lab_5/Lab_4/Lab_3/project_5/project_5.sdk/system_wrapper.hdf
INFO: [Vivado 12-393] Launching SDK...
INFO: [Vivado 12-417] Running xsdk -workspace D:/CSULB_Classes/CECS_461/Lab_5/Lab_4/Lab_3/project_5/project_5.sdk -hwspec D:/CSULB_Classes/CECS_461/Lab_5/Lab_4/Lab_3/project_5/project_5.sdk/system_wrapper.hdf
INFO: [Vivado 12-3157] SDK launch initiated. Please check console for any further messages.
launch_sdk -workspace D:/CSULB_Classes/CECS_461/Lab_5/Lab_4/Lab_3/project_5/project_5.sdk -hwspec D:/CSULB_Classes/CECS_461/Lab_5/Lab_4/Lab_3/project_5/project_5.sdk/system_wrapper.hdf
INFO: [Vivado 12-393] Launching SDK...
INFO: [Vivado 12-417] Running xsdk -workspace D:/CSULB_Classes/CECS_461/Lab_5/Lab_4/Lab_3/project_5/project_5.sdk -hwspec D:/CSULB_Classes/CECS_461/Lab_5/Lab_4/Lab_3/project_5/project_5.sdk/system_wrapper.hdf
INFO: [Vivado 12-3157] SDK launch initiated. Please check console for any further messages.
WARNING: [Labtoolstcl 44-129] No matching hw_ila_data was found.
ERROR: [Labtoolstcl 44-513] HW Target shutdown. Closing target: localhost:3121/xilinx_tcf/Digilent/210351A81A7FA
exit
INFO: [Common 17-206] Exiting Vivado at Sun Apr 21 13:50:16 2019...
