14:33:02 INFO  : Registering command handlers for SDK TCF services
14:33:03 INFO  : Launching XSCT server: xsct.bat -interactive D:\CSULB_Classes\CECS_461\Lab_4\Lab_3\project_4\project_4.sdk\temp_xsdb_launch_script.tcl
14:33:10 INFO  : XSCT server has started successfully.
14:33:10 INFO  : Successfully done setting XSCT server connection channel  
14:33:10 INFO  : Successfully done setting SDK workspace  
14:33:10 INFO  : Processing command line option -hwspec D:/CSULB_Classes/CECS_461/Lab_4/Lab_3/project_4/project_4.sdk/system_wrapper.hdf.
19:09:15 INFO  : No changes in MSS file content so not generating sources.
19:42:25 INFO  : Connected to target on host '127.0.0.1' and port '3121'.
19:42:27 INFO  : 'targets -set -filter {jtag_cable_name =~ "Digilent Zybo Z7 210351A81A7FA" && level==0} -index 1' command is executed.
19:42:28 INFO  : FPGA configured successfully with bitstream "D:/CSULB_Classes/CECS_461/Lab_4/Lab_3/project_4/project_4.sdk/system_wrapper_hw_platform_0/system_wrapper.bit"
19:43:01 INFO  : 'targets -set -filter {jtag_cable_name =~ "Digilent Zybo Z7 210351A81A7FA" && level==0} -index 1' command is executed.
19:43:01 INFO  : 'fpga -state' command is executed.
19:43:01 INFO  : Connected to target on host '127.0.0.1' and port '3121'.
19:43:02 INFO  : Jtag cable 'Digilent Zybo Z7 210351A81A7FA' is selected.
19:43:02 INFO  : 'jtag frequency' command is executed.
19:43:02 INFO  : Sourcing of 'D:/CSULB_Classes/CECS_461/Lab_4/Lab_3/project_4/project_4.sdk/system_wrapper_hw_platform_0/ps7_init.tcl' is done.
19:43:02 INFO  : Context for 'APU' is selected.
19:43:02 INFO  : Hardware design information is loaded from 'D:/CSULB_Classes/CECS_461/Lab_4/Lab_3/project_4/project_4.sdk/system_wrapper_hw_platform_0/system.hdf'.
19:43:02 INFO  : 'configparams force-mem-access 1' command is executed.
19:43:02 INFO  : Context for 'APU' is selected.
19:43:03 INFO  : 'stop' command is executed.
19:43:03 INFO  : 'ps7_init' command is executed.
19:43:03 INFO  : 'ps7_post_config' command is executed.
19:43:03 INFO  : Context for processor 'ps7_cortexa9_0' is selected.
19:43:03 INFO  : Processor reset is completed for 'ps7_cortexa9_0'.
19:43:03 INFO  : Context for processor 'ps7_cortexa9_0' is selected.
19:43:04 INFO  : The application 'D:/CSULB_Classes/CECS_461/Lab_4/Lab_3/project_4/project_4.sdk/lab_4/Debug/lab_4.elf' is downloaded to processor 'ps7_cortexa9_0'.
19:43:04 INFO  : 'configparams force-mem-access 0' command is executed.
19:43:04 INFO  : ----------------XSDB Script----------------
connect -url tcp:127.0.0.1:3121
source D:/CSULB_Classes/CECS_461/Lab_4/Lab_3/project_4/project_4.sdk/system_wrapper_hw_platform_0/ps7_init.tcl
targets -set -nocase -filter {name =~"APU*" && jtag_cable_name =~ "Digilent Zybo Z7 210351A81A7FA"} -index 0
loadhw -hw D:/CSULB_Classes/CECS_461/Lab_4/Lab_3/project_4/project_4.sdk/system_wrapper_hw_platform_0/system.hdf -mem-ranges [list {0x40000000 0xbfffffff}]
configparams force-mem-access 1
targets -set -nocase -filter {name =~"APU*" && jtag_cable_name =~ "Digilent Zybo Z7 210351A81A7FA"} -index 0
stop
ps7_init
ps7_post_config
targets -set -nocase -filter {name =~ "ARM*#0" && jtag_cable_name =~ "Digilent Zybo Z7 210351A81A7FA"} -index 0
rst -processor
targets -set -nocase -filter {name =~ "ARM*#0" && jtag_cable_name =~ "Digilent Zybo Z7 210351A81A7FA"} -index 0
dow D:/CSULB_Classes/CECS_461/Lab_4/Lab_3/project_4/project_4.sdk/lab_4/Debug/lab_4.elf
configparams force-mem-access 0
----------------End of Script----------------

19:43:04 INFO  : Context for processor 'ps7_cortexa9_0' is selected.
19:43:04 INFO  : 'con' command is executed.
19:43:04 INFO  : ----------------XSDB Script (After Launch)----------------
targets -set -nocase -filter {name =~ "ARM*#0" && jtag_cable_name =~ "Digilent Zybo Z7 210351A81A7FA"} -index 0
con
----------------End of Script----------------

19:43:04 INFO  : Disconnected from the channel tcfchan#1.
19:45:15 INFO  : Connected to target on host '127.0.0.1' and port '3121'.
19:45:15 INFO  : 'targets -set -filter {jtag_cable_name =~ "Digilent Zybo Z7 210351A81A7FA" && level==0} -index 1' command is executed.
19:45:17 INFO  : FPGA configured successfully with bitstream "D:/CSULB_Classes/CECS_461/Lab_4/Lab_3/project_4/project_4.sdk/system_wrapper_hw_platform_0/system_wrapper.bit"
19:45:29 INFO  : 'targets -set -filter {jtag_cable_name =~ "Digilent Zybo Z7 210351A81A7FA" && level==0} -index 1' command is executed.
19:45:29 INFO  : 'fpga -state' command is executed.
19:45:30 INFO  : Connected to target on host '127.0.0.1' and port '3121'.
19:45:30 INFO  : Jtag cable 'Digilent Zybo Z7 210351A81A7FA' is selected.
19:45:30 INFO  : 'jtag frequency' command is executed.
19:45:30 INFO  : Sourcing of 'D:/CSULB_Classes/CECS_461/Lab_4/Lab_3/project_4/project_4.sdk/system_wrapper_hw_platform_0/ps7_init.tcl' is done.
19:45:30 INFO  : Context for 'APU' is selected.
19:45:30 INFO  : Hardware design information is loaded from 'D:/CSULB_Classes/CECS_461/Lab_4/Lab_3/project_4/project_4.sdk/system_wrapper_hw_platform_0/system.hdf'.
19:45:30 INFO  : 'configparams force-mem-access 1' command is executed.
19:45:31 INFO  : Context for 'APU' is selected.
19:45:31 INFO  : 'stop' command is executed.
19:45:31 INFO  : 'ps7_init' command is executed.
19:45:31 INFO  : 'ps7_post_config' command is executed.
19:45:31 INFO  : Context for processor 'ps7_cortexa9_0' is selected.
19:45:31 INFO  : Processor reset is completed for 'ps7_cortexa9_0'.
19:45:32 INFO  : Context for processor 'ps7_cortexa9_0' is selected.
19:45:32 INFO  : The application 'D:/CSULB_Classes/CECS_461/Lab_4/Lab_3/project_4/project_4.sdk/lab_4/Debug/lab_4.elf' is downloaded to processor 'ps7_cortexa9_0'.
19:45:32 INFO  : 'configparams force-mem-access 0' command is executed.
19:45:32 INFO  : ----------------XSDB Script----------------
connect -url tcp:127.0.0.1:3121
source D:/CSULB_Classes/CECS_461/Lab_4/Lab_3/project_4/project_4.sdk/system_wrapper_hw_platform_0/ps7_init.tcl
targets -set -nocase -filter {name =~"APU*" && jtag_cable_name =~ "Digilent Zybo Z7 210351A81A7FA"} -index 0
loadhw -hw D:/CSULB_Classes/CECS_461/Lab_4/Lab_3/project_4/project_4.sdk/system_wrapper_hw_platform_0/system.hdf -mem-ranges [list {0x40000000 0xbfffffff}]
configparams force-mem-access 1
targets -set -nocase -filter {name =~"APU*" && jtag_cable_name =~ "Digilent Zybo Z7 210351A81A7FA"} -index 0
stop
ps7_init
ps7_post_config
targets -set -nocase -filter {name =~ "ARM*#0" && jtag_cable_name =~ "Digilent Zybo Z7 210351A81A7FA"} -index 0
rst -processor
targets -set -nocase -filter {name =~ "ARM*#0" && jtag_cable_name =~ "Digilent Zybo Z7 210351A81A7FA"} -index 0
dow D:/CSULB_Classes/CECS_461/Lab_4/Lab_3/project_4/project_4.sdk/lab_4/Debug/lab_4.elf
configparams force-mem-access 0
----------------End of Script----------------

19:45:32 INFO  : Context for processor 'ps7_cortexa9_0' is selected.
19:45:32 INFO  : 'con' command is executed.
19:45:32 INFO  : ----------------XSDB Script (After Launch)----------------
targets -set -nocase -filter {name =~ "ARM*#0" && jtag_cable_name =~ "Digilent Zybo Z7 210351A81A7FA"} -index 0
con
----------------End of Script----------------

19:45:32 INFO  : Disconnected from the channel tcfchan#2.
19:46:38 INFO  : Inferring section assignments and sizes from elf file: D:\CSULB_Classes\CECS_461\Lab_4\Lab_3\project_4\project_4.sdk\lab_4\Debug\lab_4.elf
19:48:54 INFO  : Successfully generated D:\CSULB_Classes\CECS_461\Lab_4\Lab_3\project_4\project_4.sdk\lab_4\src\lscript.ld.
19:48:54 INFO  : Applying linker script to all configurations of project lab_4.
19:48:54 INFO  : Setting rebuild state to true for all configurations of project lab_4.
19:51:14 INFO  : Connected to target on host '127.0.0.1' and port '3121'.
19:51:14 INFO  : 'targets -set -filter {jtag_cable_name =~ "Digilent Zybo Z7 210351A81A7FA" && level==0} -index 1' command is executed.
19:51:15 INFO  : FPGA configured successfully with bitstream "D:/CSULB_Classes/CECS_461/Lab_4/Lab_3/project_4/project_4.sdk/system_wrapper_hw_platform_0/system_wrapper.bit"
19:53:04 INFO  : Successfully generated D:\CSULB_Classes\CECS_461\Lab_4\Lab_3\project_4\project_4.sdk\lab_4\src\lscript.ld.
19:53:04 INFO  : Applying linker script to all configurations of project lab_4.
19:53:04 INFO  : Setting rebuild state to true for all configurations of project lab_4.
19:54:17 INFO  : Connected to target on host '127.0.0.1' and port '3121'.
19:54:17 INFO  : 'targets -set -filter {jtag_cable_name =~ "Digilent Zybo Z7 210351A81A7FA" && level==0} -index 1' command is executed.
19:54:18 INFO  : FPGA configured successfully with bitstream "D:/CSULB_Classes/CECS_461/Lab_4/Lab_3/project_4/project_4.sdk/system_wrapper_hw_platform_0/system_wrapper.bit"
19:56:45 INFO  : Connected to target on host '127.0.0.1' and port '3121'.
19:56:45 INFO  : 'targets -set -filter {jtag_cable_name =~ "Digilent Zybo Z7 210351A81A7FA" && level==0} -index 1' command is executed.
19:56:47 INFO  : FPGA configured successfully with bitstream "D:/CSULB_Classes/CECS_461/Lab_4/Lab_3/project_4/project_4.sdk/system_wrapper_hw_platform_0/system_wrapper.bit"
20:01:02 INFO  : Successfully generated D:\CSULB_Classes\CECS_461\Lab_4\Lab_3\project_4\project_4.sdk\lab_4\src\lscript.ld.
20:01:02 INFO  : Applying linker script to all configurations of project lab_4.
20:01:02 INFO  : Setting rebuild state to true for all configurations of project lab_4.
20:01:13 INFO  : 'targets -set -filter {jtag_cable_name =~ "Digilent Zybo Z7 210351A81A7FA" && level==0} -index 1' command is executed.
20:01:13 INFO  : 'fpga -state' command is executed.
20:01:13 INFO  : Connected to target on host '127.0.0.1' and port '3121'.
20:01:14 INFO  : Jtag cable 'Digilent Zybo Z7 210351A81A7FA' is selected.
20:01:14 INFO  : 'jtag frequency' command is executed.
20:01:14 INFO  : Sourcing of 'D:/CSULB_Classes/CECS_461/Lab_4/Lab_3/project_4/project_4.sdk/system_wrapper_hw_platform_0/ps7_init.tcl' is done.
20:01:14 INFO  : Context for 'APU' is selected.
20:01:14 INFO  : Hardware design information is loaded from 'D:/CSULB_Classes/CECS_461/Lab_4/Lab_3/project_4/project_4.sdk/system_wrapper_hw_platform_0/system.hdf'.
20:01:14 INFO  : 'configparams force-mem-access 1' command is executed.
20:01:14 INFO  : Context for 'APU' is selected.
20:01:14 INFO  : 'stop' command is executed.
20:01:15 INFO  : 'ps7_init' command is executed.
20:01:15 INFO  : 'ps7_post_config' command is executed.
20:01:15 INFO  : Context for processor 'ps7_cortexa9_0' is selected.
20:01:15 INFO  : Processor reset is completed for 'ps7_cortexa9_0'.
20:01:15 INFO  : Context for processor 'ps7_cortexa9_0' is selected.
20:01:16 INFO  : The application 'D:/CSULB_Classes/CECS_461/Lab_4/Lab_3/project_4/project_4.sdk/lab_4/Debug/lab_4.elf' is downloaded to processor 'ps7_cortexa9_0'.
20:01:16 INFO  : 'configparams force-mem-access 0' command is executed.
20:01:16 INFO  : ----------------XSDB Script----------------
connect -url tcp:127.0.0.1:3121
source D:/CSULB_Classes/CECS_461/Lab_4/Lab_3/project_4/project_4.sdk/system_wrapper_hw_platform_0/ps7_init.tcl
targets -set -nocase -filter {name =~"APU*" && jtag_cable_name =~ "Digilent Zybo Z7 210351A81A7FA"} -index 0
loadhw -hw D:/CSULB_Classes/CECS_461/Lab_4/Lab_3/project_4/project_4.sdk/system_wrapper_hw_platform_0/system.hdf -mem-ranges [list {0x40000000 0xbfffffff}]
configparams force-mem-access 1
targets -set -nocase -filter {name =~"APU*" && jtag_cable_name =~ "Digilent Zybo Z7 210351A81A7FA"} -index 0
stop
ps7_init
ps7_post_config
targets -set -nocase -filter {name =~ "ARM*#0" && jtag_cable_name =~ "Digilent Zybo Z7 210351A81A7FA"} -index 0
rst -processor
targets -set -nocase -filter {name =~ "ARM*#0" && jtag_cable_name =~ "Digilent Zybo Z7 210351A81A7FA"} -index 0
dow D:/CSULB_Classes/CECS_461/Lab_4/Lab_3/project_4/project_4.sdk/lab_4/Debug/lab_4.elf
configparams force-mem-access 0
----------------End of Script----------------

20:01:16 INFO  : Context for processor 'ps7_cortexa9_0' is selected.
20:01:16 INFO  : 'con' command is executed.
20:01:16 INFO  : ----------------XSDB Script (After Launch)----------------
targets -set -nocase -filter {name =~ "ARM*#0" && jtag_cable_name =~ "Digilent Zybo Z7 210351A81A7FA"} -index 0
con
----------------End of Script----------------

20:01:16 INFO  : Disconnected from the channel tcfchan#3.
20:03:03 INFO  : Inferring section assignments and sizes from elf file: D:\CSULB_Classes\CECS_461\Lab_4\Lab_3\project_4\project_4.sdk\lab_4\Debug\lab_4.elf
20:03:49 INFO  : Successfully generated D:\CSULB_Classes\CECS_461\Lab_4\Lab_3\project_4\project_4.sdk\lab_4\src\lscript.ld.
20:03:49 INFO  : Applying linker script to all configurations of project lab_4.
20:03:49 INFO  : Setting rebuild state to true for all configurations of project lab_4.
20:04:01 INFO  : 'targets -set -filter {jtag_cable_name =~ "Digilent Zybo Z7 210351A81A7FA" && level==0} -index 1' command is executed.
20:04:01 INFO  : 'fpga -state' command is executed.
20:04:01 INFO  : Connected to target on host '127.0.0.1' and port '3121'.
20:04:01 INFO  : Jtag cable 'Digilent Zybo Z7 210351A81A7FA' is selected.
20:04:01 INFO  : 'jtag frequency' command is executed.
20:04:01 INFO  : Sourcing of 'D:/CSULB_Classes/CECS_461/Lab_4/Lab_3/project_4/project_4.sdk/system_wrapper_hw_platform_0/ps7_init.tcl' is done.
20:04:02 INFO  : Context for 'APU' is selected.
20:04:02 INFO  : Hardware design information is loaded from 'D:/CSULB_Classes/CECS_461/Lab_4/Lab_3/project_4/project_4.sdk/system_wrapper_hw_platform_0/system.hdf'.
20:04:02 INFO  : 'configparams force-mem-access 1' command is executed.
20:04:02 INFO  : Context for 'APU' is selected.
20:04:02 INFO  : 'stop' command is executed.
20:04:02 INFO  : 'ps7_init' command is executed.
20:04:02 INFO  : 'ps7_post_config' command is executed.
20:04:03 INFO  : Context for processor 'ps7_cortexa9_0' is selected.
20:04:03 INFO  : Processor reset is completed for 'ps7_cortexa9_0'.
20:04:03 INFO  : Context for processor 'ps7_cortexa9_0' is selected.
20:04:03 INFO  : The application 'D:/CSULB_Classes/CECS_461/Lab_4/Lab_3/project_4/project_4.sdk/lab_4/Debug/lab_4.elf' is downloaded to processor 'ps7_cortexa9_0'.
20:04:03 INFO  : 'configparams force-mem-access 0' command is executed.
20:04:03 INFO  : ----------------XSDB Script----------------
connect -url tcp:127.0.0.1:3121
source D:/CSULB_Classes/CECS_461/Lab_4/Lab_3/project_4/project_4.sdk/system_wrapper_hw_platform_0/ps7_init.tcl
targets -set -nocase -filter {name =~"APU*" && jtag_cable_name =~ "Digilent Zybo Z7 210351A81A7FA"} -index 0
loadhw -hw D:/CSULB_Classes/CECS_461/Lab_4/Lab_3/project_4/project_4.sdk/system_wrapper_hw_platform_0/system.hdf -mem-ranges [list {0x40000000 0xbfffffff}]
configparams force-mem-access 1
targets -set -nocase -filter {name =~"APU*" && jtag_cable_name =~ "Digilent Zybo Z7 210351A81A7FA"} -index 0
stop
ps7_init
ps7_post_config
targets -set -nocase -filter {name =~ "ARM*#0" && jtag_cable_name =~ "Digilent Zybo Z7 210351A81A7FA"} -index 0
rst -processor
targets -set -nocase -filter {name =~ "ARM*#0" && jtag_cable_name =~ "Digilent Zybo Z7 210351A81A7FA"} -index 0
dow D:/CSULB_Classes/CECS_461/Lab_4/Lab_3/project_4/project_4.sdk/lab_4/Debug/lab_4.elf
configparams force-mem-access 0
----------------End of Script----------------

20:04:03 INFO  : Context for processor 'ps7_cortexa9_0' is selected.
20:04:03 INFO  : 'con' command is executed.
20:04:03 INFO  : ----------------XSDB Script (After Launch)----------------
targets -set -nocase -filter {name =~ "ARM*#0" && jtag_cable_name =~ "Digilent Zybo Z7 210351A81A7FA"} -index 0
con
----------------End of Script----------------

20:04:03 INFO  : Disconnected from the channel tcfchan#4.
20:05:32 INFO  : Inferring section assignments and sizes from elf file: D:\CSULB_Classes\CECS_461\Lab_4\Lab_3\project_4\project_4.sdk\lab_4\Debug\lab_4.elf
20:05:43 INFO  : Successfully generated D:\CSULB_Classes\CECS_461\Lab_4\Lab_3\project_4\project_4.sdk\lab_4\src\lscript.ld.
20:05:43 INFO  : Applying linker script to all configurations of project lab_4.
20:05:43 INFO  : Setting rebuild state to true for all configurations of project lab_4.
20:05:55 INFO  : 'targets -set -filter {jtag_cable_name =~ "Digilent Zybo Z7 210351A81A7FA" && level==0} -index 1' command is executed.
20:05:55 INFO  : 'fpga -state' command is executed.
20:05:55 INFO  : Connected to target on host '127.0.0.1' and port '3121'.
20:05:56 INFO  : Jtag cable 'Digilent Zybo Z7 210351A81A7FA' is selected.
20:05:56 INFO  : 'jtag frequency' command is executed.
20:05:56 INFO  : Sourcing of 'D:/CSULB_Classes/CECS_461/Lab_4/Lab_3/project_4/project_4.sdk/system_wrapper_hw_platform_0/ps7_init.tcl' is done.
20:05:56 INFO  : Context for 'APU' is selected.
20:05:56 INFO  : Hardware design information is loaded from 'D:/CSULB_Classes/CECS_461/Lab_4/Lab_3/project_4/project_4.sdk/system_wrapper_hw_platform_0/system.hdf'.
20:05:56 INFO  : 'configparams force-mem-access 1' command is executed.
20:05:57 INFO  : Context for 'APU' is selected.
20:05:57 INFO  : 'stop' command is executed.
20:05:57 INFO  : 'ps7_init' command is executed.
20:05:57 INFO  : 'ps7_post_config' command is executed.
20:05:57 INFO  : Context for processor 'ps7_cortexa9_0' is selected.
20:05:57 INFO  : Processor reset is completed for 'ps7_cortexa9_0'.
20:05:58 INFO  : Context for processor 'ps7_cortexa9_0' is selected.
20:05:58 INFO  : The application 'D:/CSULB_Classes/CECS_461/Lab_4/Lab_3/project_4/project_4.sdk/lab_4/Debug/lab_4.elf' is downloaded to processor 'ps7_cortexa9_0'.
20:05:58 INFO  : 'configparams force-mem-access 0' command is executed.
20:05:58 INFO  : ----------------XSDB Script----------------
connect -url tcp:127.0.0.1:3121
source D:/CSULB_Classes/CECS_461/Lab_4/Lab_3/project_4/project_4.sdk/system_wrapper_hw_platform_0/ps7_init.tcl
targets -set -nocase -filter {name =~"APU*" && jtag_cable_name =~ "Digilent Zybo Z7 210351A81A7FA"} -index 0
loadhw -hw D:/CSULB_Classes/CECS_461/Lab_4/Lab_3/project_4/project_4.sdk/system_wrapper_hw_platform_0/system.hdf -mem-ranges [list {0x40000000 0xbfffffff}]
configparams force-mem-access 1
targets -set -nocase -filter {name =~"APU*" && jtag_cable_name =~ "Digilent Zybo Z7 210351A81A7FA"} -index 0
stop
ps7_init
ps7_post_config
targets -set -nocase -filter {name =~ "ARM*#0" && jtag_cable_name =~ "Digilent Zybo Z7 210351A81A7FA"} -index 0
rst -processor
targets -set -nocase -filter {name =~ "ARM*#0" && jtag_cable_name =~ "Digilent Zybo Z7 210351A81A7FA"} -index 0
dow D:/CSULB_Classes/CECS_461/Lab_4/Lab_3/project_4/project_4.sdk/lab_4/Debug/lab_4.elf
configparams force-mem-access 0
----------------End of Script----------------

20:05:58 INFO  : Context for processor 'ps7_cortexa9_0' is selected.
20:05:58 INFO  : 'con' command is executed.
20:05:58 INFO  : ----------------XSDB Script (After Launch)----------------
targets -set -nocase -filter {name =~ "ARM*#0" && jtag_cable_name =~ "Digilent Zybo Z7 210351A81A7FA"} -index 0
con
----------------End of Script----------------

20:05:58 INFO  : Disconnected from the channel tcfchan#5.
20:46:20 INFO  : Connected to target on host '127.0.0.1' and port '3121'.
20:46:20 INFO  : 'targets -set -filter {jtag_cable_name =~ "Digilent Zybo Z7 210351A81A7FA" && level==0} -index 1' command is executed.
20:46:21 INFO  : FPGA configured successfully with bitstream "D:/CSULB_Classes/CECS_461/Lab_4/Lab_3/project_4/project_4.sdk/system_wrapper_hw_platform_0/system_wrapper.bit"
20:46:34 INFO  : 'targets -set -filter {jtag_cable_name =~ "Digilent Zybo Z7 210351A81A7FA" && level==0} -index 1' command is executed.
20:46:34 INFO  : 'fpga -state' command is executed.
20:46:34 INFO  : Connected to target on host '127.0.0.1' and port '3121'.
20:46:34 INFO  : Jtag cable 'Digilent Zybo Z7 210351A81A7FA' is selected.
20:46:34 INFO  : 'jtag frequency' command is executed.
20:46:34 INFO  : Sourcing of 'D:/CSULB_Classes/CECS_461/Lab_4/Lab_3/project_4/project_4.sdk/system_wrapper_hw_platform_0/ps7_init.tcl' is done.
20:46:34 INFO  : Context for 'APU' is selected.
20:46:35 INFO  : Hardware design information is loaded from 'D:/CSULB_Classes/CECS_461/Lab_4/Lab_3/project_4/project_4.sdk/system_wrapper_hw_platform_0/system.hdf'.
20:46:35 INFO  : 'configparams force-mem-access 1' command is executed.
20:46:35 INFO  : Context for 'APU' is selected.
20:46:35 INFO  : 'stop' command is executed.
20:46:35 INFO  : 'ps7_init' command is executed.
20:46:36 INFO  : 'ps7_post_config' command is executed.
20:46:36 INFO  : Context for processor 'ps7_cortexa9_0' is selected.
20:46:36 INFO  : Processor reset is completed for 'ps7_cortexa9_0'.
20:46:36 INFO  : Context for processor 'ps7_cortexa9_0' is selected.
20:46:36 INFO  : The application 'D:/CSULB_Classes/CECS_461/Lab_4/Lab_3/project_4/project_4.sdk/lab_4/Debug/lab_4.elf' is downloaded to processor 'ps7_cortexa9_0'.
20:46:36 INFO  : 'configparams force-mem-access 0' command is executed.
20:46:36 INFO  : ----------------XSDB Script----------------
connect -url tcp:127.0.0.1:3121
source D:/CSULB_Classes/CECS_461/Lab_4/Lab_3/project_4/project_4.sdk/system_wrapper_hw_platform_0/ps7_init.tcl
targets -set -nocase -filter {name =~"APU*" && jtag_cable_name =~ "Digilent Zybo Z7 210351A81A7FA"} -index 0
loadhw -hw D:/CSULB_Classes/CECS_461/Lab_4/Lab_3/project_4/project_4.sdk/system_wrapper_hw_platform_0/system.hdf -mem-ranges [list {0x40000000 0xbfffffff}]
configparams force-mem-access 1
targets -set -nocase -filter {name =~"APU*" && jtag_cable_name =~ "Digilent Zybo Z7 210351A81A7FA"} -index 0
stop
ps7_init
ps7_post_config
targets -set -nocase -filter {name =~ "ARM*#0" && jtag_cable_name =~ "Digilent Zybo Z7 210351A81A7FA"} -index 0
rst -processor
targets -set -nocase -filter {name =~ "ARM*#0" && jtag_cable_name =~ "Digilent Zybo Z7 210351A81A7FA"} -index 0
dow D:/CSULB_Classes/CECS_461/Lab_4/Lab_3/project_4/project_4.sdk/lab_4/Debug/lab_4.elf
configparams force-mem-access 0
----------------End of Script----------------

20:46:36 INFO  : Context for processor 'ps7_cortexa9_0' is selected.
20:46:36 INFO  : 'con' command is executed.
20:46:36 INFO  : ----------------XSDB Script (After Launch)----------------
targets -set -nocase -filter {name =~ "ARM*#0" && jtag_cable_name =~ "Digilent Zybo Z7 210351A81A7FA"} -index 0
con
----------------End of Script----------------

20:46:36 INFO  : Disconnected from the channel tcfchan#6.
20:47:01 INFO  : Inferring section assignments and sizes from elf file: D:\CSULB_Classes\CECS_461\Lab_4\Lab_3\project_4\project_4.sdk\lab_4\Debug\lab_4.elf
20:47:08 INFO  : Successfully generated D:\CSULB_Classes\CECS_461\Lab_4\Lab_3\project_4\project_4.sdk\lab_4\src\lscript.ld.
20:47:08 INFO  : Applying linker script to all configurations of project lab_4.
20:47:08 INFO  : Setting rebuild state to true for all configurations of project lab_4.
20:48:36 INFO  : 'targets -set -filter {jtag_cable_name =~ "Digilent Zybo Z7 210351A81A7FA" && level==0} -index 1' command is executed.
20:48:36 INFO  : 'fpga -state' command is executed.
20:48:36 INFO  : Connected to target on host '127.0.0.1' and port '3121'.
20:48:37 INFO  : Jtag cable 'Digilent Zybo Z7 210351A81A7FA' is selected.
20:48:37 INFO  : 'jtag frequency' command is executed.
20:48:37 INFO  : Sourcing of 'D:/CSULB_Classes/CECS_461/Lab_4/Lab_3/project_4/project_4.sdk/system_wrapper_hw_platform_0/ps7_init.tcl' is done.
20:48:37 INFO  : Context for 'APU' is selected.
20:48:37 INFO  : Hardware design information is loaded from 'D:/CSULB_Classes/CECS_461/Lab_4/Lab_3/project_4/project_4.sdk/system_wrapper_hw_platform_0/system.hdf'.
20:48:37 INFO  : 'configparams force-mem-access 1' command is executed.
20:48:37 INFO  : Context for 'APU' is selected.
20:48:37 INFO  : 'stop' command is executed.
20:48:37 INFO  : 'ps7_init' command is executed.
20:48:37 INFO  : 'ps7_post_config' command is executed.
20:48:38 INFO  : Context for processor 'ps7_cortexa9_0' is selected.
20:48:38 INFO  : Processor reset is completed for 'ps7_cortexa9_0'.
20:48:38 INFO  : Context for processor 'ps7_cortexa9_0' is selected.
20:48:38 INFO  : The application 'D:/CSULB_Classes/CECS_461/Lab_4/Lab_3/project_4/project_4.sdk/lab_4/Debug/lab_4.elf' is downloaded to processor 'ps7_cortexa9_0'.
20:48:38 INFO  : 'configparams force-mem-access 0' command is executed.
20:48:38 INFO  : ----------------XSDB Script----------------
connect -url tcp:127.0.0.1:3121
source D:/CSULB_Classes/CECS_461/Lab_4/Lab_3/project_4/project_4.sdk/system_wrapper_hw_platform_0/ps7_init.tcl
targets -set -nocase -filter {name =~"APU*" && jtag_cable_name =~ "Digilent Zybo Z7 210351A81A7FA"} -index 0
loadhw -hw D:/CSULB_Classes/CECS_461/Lab_4/Lab_3/project_4/project_4.sdk/system_wrapper_hw_platform_0/system.hdf -mem-ranges [list {0x40000000 0xbfffffff}]
configparams force-mem-access 1
targets -set -nocase -filter {name =~"APU*" && jtag_cable_name =~ "Digilent Zybo Z7 210351A81A7FA"} -index 0
stop
ps7_init
ps7_post_config
targets -set -nocase -filter {name =~ "ARM*#0" && jtag_cable_name =~ "Digilent Zybo Z7 210351A81A7FA"} -index 0
rst -processor
targets -set -nocase -filter {name =~ "ARM*#0" && jtag_cable_name =~ "Digilent Zybo Z7 210351A81A7FA"} -index 0
dow D:/CSULB_Classes/CECS_461/Lab_4/Lab_3/project_4/project_4.sdk/lab_4/Debug/lab_4.elf
configparams force-mem-access 0
----------------End of Script----------------

20:48:38 INFO  : Context for processor 'ps7_cortexa9_0' is selected.
20:48:38 INFO  : 'con' command is executed.
20:48:38 INFO  : ----------------XSDB Script (After Launch)----------------
targets -set -nocase -filter {name =~ "ARM*#0" && jtag_cable_name =~ "Digilent Zybo Z7 210351A81A7FA"} -index 0
con
----------------End of Script----------------

20:48:38 INFO  : Disconnected from the channel tcfchan#7.
21:13:44 INFO  : Inferring section assignments and sizes from elf file: D:\CSULB_Classes\CECS_461\Lab_4\Lab_3\project_4\project_4.sdk\lab_4\Debug\lab_4.elf
21:13:51 INFO  : Successfully generated D:\CSULB_Classes\CECS_461\Lab_4\Lab_3\project_4\project_4.sdk\lab_4\src\lscript.ld.
21:13:51 INFO  : Applying linker script to all configurations of project lab_4.
21:13:51 INFO  : Setting rebuild state to true for all configurations of project lab_4.
21:14:12 INFO  : 'targets -set -filter {jtag_cable_name =~ "Digilent Zybo Z7 210351A81A7FA" && level==0} -index 1' command is executed.
21:14:12 INFO  : 'fpga -state' command is executed.
21:14:12 INFO  : Connected to target on host '127.0.0.1' and port '3121'.
21:14:13 INFO  : Jtag cable 'Digilent Zybo Z7 210351A81A7FA' is selected.
21:14:13 INFO  : 'jtag frequency' command is executed.
21:14:13 INFO  : Sourcing of 'D:/CSULB_Classes/CECS_461/Lab_4/Lab_3/project_4/project_4.sdk/system_wrapper_hw_platform_0/ps7_init.tcl' is done.
21:14:13 INFO  : Context for 'APU' is selected.
21:14:13 INFO  : Hardware design information is loaded from 'D:/CSULB_Classes/CECS_461/Lab_4/Lab_3/project_4/project_4.sdk/system_wrapper_hw_platform_0/system.hdf'.
21:14:13 INFO  : 'configparams force-mem-access 1' command is executed.
21:14:13 INFO  : Context for 'APU' is selected.
21:14:13 INFO  : 'stop' command is executed.
21:14:14 INFO  : 'ps7_init' command is executed.
21:14:14 INFO  : 'ps7_post_config' command is executed.
21:14:14 INFO  : Context for processor 'ps7_cortexa9_0' is selected.
21:14:14 INFO  : Processor reset is completed for 'ps7_cortexa9_0'.
21:14:14 INFO  : Context for processor 'ps7_cortexa9_0' is selected.
21:14:15 INFO  : The application 'D:/CSULB_Classes/CECS_461/Lab_4/Lab_3/project_4/project_4.sdk/lab_4/Debug/lab_4.elf' is downloaded to processor 'ps7_cortexa9_0'.
21:14:15 INFO  : 'configparams force-mem-access 0' command is executed.
21:14:15 INFO  : ----------------XSDB Script----------------
connect -url tcp:127.0.0.1:3121
source D:/CSULB_Classes/CECS_461/Lab_4/Lab_3/project_4/project_4.sdk/system_wrapper_hw_platform_0/ps7_init.tcl
targets -set -nocase -filter {name =~"APU*" && jtag_cable_name =~ "Digilent Zybo Z7 210351A81A7FA"} -index 0
loadhw -hw D:/CSULB_Classes/CECS_461/Lab_4/Lab_3/project_4/project_4.sdk/system_wrapper_hw_platform_0/system.hdf -mem-ranges [list {0x40000000 0xbfffffff}]
configparams force-mem-access 1
targets -set -nocase -filter {name =~"APU*" && jtag_cable_name =~ "Digilent Zybo Z7 210351A81A7FA"} -index 0
stop
ps7_init
ps7_post_config
targets -set -nocase -filter {name =~ "ARM*#0" && jtag_cable_name =~ "Digilent Zybo Z7 210351A81A7FA"} -index 0
rst -processor
targets -set -nocase -filter {name =~ "ARM*#0" && jtag_cable_name =~ "Digilent Zybo Z7 210351A81A7FA"} -index 0
dow D:/CSULB_Classes/CECS_461/Lab_4/Lab_3/project_4/project_4.sdk/lab_4/Debug/lab_4.elf
configparams force-mem-access 0
----------------End of Script----------------

21:14:15 INFO  : Context for processor 'ps7_cortexa9_0' is selected.
21:14:15 INFO  : 'con' command is executed.
21:14:15 INFO  : ----------------XSDB Script (After Launch)----------------
targets -set -nocase -filter {name =~ "ARM*#0" && jtag_cable_name =~ "Digilent Zybo Z7 210351A81A7FA"} -index 0
con
----------------End of Script----------------

21:14:15 INFO  : Disconnected from the channel tcfchan#8.
13:56:51 INFO  : Launching XSCT server: xsct.bat -interactive D:\CSULB_Classes\CECS_461\Lab_4\Lab_3\project_4\project_4.sdk\temp_xsdb_launch_script.tcl
13:56:57 INFO  : XSCT server has started successfully.
13:56:57 INFO  : Successfully done setting XSCT server connection channel  
13:56:58 INFO  : Successfully done setting SDK workspace  
13:57:17 INFO  : Registering command handlers for SDK TCF services
13:57:17 INFO  : Processing command line option -hwspec D:/CSULB_Classes/CECS_461/Lab_4/Lab_3/project_4/project_4.sdk/system_wrapper.hdf.
13:57:20 INFO  : Checking for hwspec changes in the project system_wrapper_hw_platform_0.
13:58:54 INFO  : Connected to target on host '127.0.0.1' and port '3121'.
13:58:54 INFO  : 'targets -set -filter {jtag_cable_name =~ "Digilent Zybo Z7 210351A81A7FA" && level==0} -index 1' command is executed.
13:58:55 INFO  : FPGA configured successfully with bitstream "D:/CSULB_Classes/CECS_461/Lab_4/Lab_3/project_4/project_4.sdk/system_wrapper_hw_platform_0/system_wrapper.bit"
13:59:06 INFO  : 'targets -set -filter {jtag_cable_name =~ "Digilent Zybo Z7 210351A81A7FA" && level==0} -index 1' command is executed.
13:59:06 INFO  : 'fpga -state' command is executed.
13:59:06 INFO  : Connected to target on host '127.0.0.1' and port '3121'.
13:59:07 INFO  : Jtag cable 'Digilent Zybo Z7 210351A81A7FA' is selected.
13:59:07 INFO  : 'jtag frequency' command is executed.
13:59:07 INFO  : Sourcing of 'D:/CSULB_Classes/CECS_461/Lab_4/Lab_3/project_4/project_4.sdk/system_wrapper_hw_platform_0/ps7_init.tcl' is done.
13:59:07 INFO  : Context for 'APU' is selected.
13:59:07 INFO  : Hardware design information is loaded from 'D:/CSULB_Classes/CECS_461/Lab_4/Lab_3/project_4/project_4.sdk/system_wrapper_hw_platform_0/system.hdf'.
13:59:07 INFO  : 'configparams force-mem-access 1' command is executed.
13:59:08 INFO  : Context for 'APU' is selected.
13:59:08 INFO  : 'stop' command is executed.
13:59:08 INFO  : 'ps7_init' command is executed.
13:59:08 INFO  : 'ps7_post_config' command is executed.
13:59:08 INFO  : Context for processor 'ps7_cortexa9_0' is selected.
13:59:09 INFO  : Processor reset is completed for 'ps7_cortexa9_0'.
13:59:09 INFO  : Context for processor 'ps7_cortexa9_0' is selected.
13:59:09 INFO  : The application 'D:/CSULB_Classes/CECS_461/Lab_4/Lab_3/project_4/project_4.sdk/lab_4/Debug/lab_4.elf' is downloaded to processor 'ps7_cortexa9_0'.
13:59:09 INFO  : 'configparams force-mem-access 0' command is executed.
13:59:09 INFO  : ----------------XSDB Script----------------
connect -url tcp:127.0.0.1:3121
source D:/CSULB_Classes/CECS_461/Lab_4/Lab_3/project_4/project_4.sdk/system_wrapper_hw_platform_0/ps7_init.tcl
targets -set -nocase -filter {name =~"APU*" && jtag_cable_name =~ "Digilent Zybo Z7 210351A81A7FA"} -index 0
loadhw -hw D:/CSULB_Classes/CECS_461/Lab_4/Lab_3/project_4/project_4.sdk/system_wrapper_hw_platform_0/system.hdf -mem-ranges [list {0x40000000 0xbfffffff}]
configparams force-mem-access 1
targets -set -nocase -filter {name =~"APU*" && jtag_cable_name =~ "Digilent Zybo Z7 210351A81A7FA"} -index 0
stop
ps7_init
ps7_post_config
targets -set -nocase -filter {name =~ "ARM*#0" && jtag_cable_name =~ "Digilent Zybo Z7 210351A81A7FA"} -index 0
rst -processor
targets -set -nocase -filter {name =~ "ARM*#0" && jtag_cable_name =~ "Digilent Zybo Z7 210351A81A7FA"} -index 0
dow D:/CSULB_Classes/CECS_461/Lab_4/Lab_3/project_4/project_4.sdk/lab_4/Debug/lab_4.elf
configparams force-mem-access 0
----------------End of Script----------------

13:59:09 INFO  : Context for processor 'ps7_cortexa9_0' is selected.
13:59:09 INFO  : 'con' command is executed.
13:59:09 INFO  : ----------------XSDB Script (After Launch)----------------
targets -set -nocase -filter {name =~ "ARM*#0" && jtag_cable_name =~ "Digilent Zybo Z7 210351A81A7FA"} -index 0
con
----------------End of Script----------------

13:59:09 INFO  : Disconnected from the channel tcfchan#1.
13:45:09 INFO  : Launching XSCT server: xsct.bat -interactive D:\CSULB_Classes\CECS_461\Lab_4\Lab_3\project_4\project_4.sdk\temp_xsdb_launch_script.tcl
13:45:15 INFO  : XSCT server has started successfully.
13:45:15 INFO  : Successfully done setting XSCT server connection channel  
13:45:16 INFO  : Successfully done setting SDK workspace  
13:45:35 INFO  : Registering command handlers for SDK TCF services
13:45:35 INFO  : Processing command line option -hwspec D:/CSULB_Classes/CECS_461/Lab_4/Lab_3/project_4/project_4.sdk/system_wrapper.hdf.
13:45:36 INFO  : Checking for hwspec changes in the project system_wrapper_hw_platform_0.
13:46:37 INFO  : Connected to target on host '127.0.0.1' and port '3121'.
13:46:38 INFO  : 'targets -set -filter {jtag_cable_name =~ "Digilent Zybo Z7 210351A81A7FA" && level==0} -index 1' command is executed.
13:46:39 INFO  : FPGA configured successfully with bitstream "D:/CSULB_Classes/CECS_461/Lab_4/Lab_3/project_4/project_4.sdk/system_wrapper_hw_platform_0/system_wrapper.bit"
13:46:51 INFO  : 'targets -set -filter {jtag_cable_name =~ "Digilent Zybo Z7 210351A81A7FA" && level==0} -index 1' command is executed.
13:46:51 INFO  : 'fpga -state' command is executed.
13:46:51 INFO  : Connected to target on host '127.0.0.1' and port '3121'.
13:46:52 INFO  : Jtag cable 'Digilent Zybo Z7 210351A81A7FA' is selected.
13:46:52 INFO  : 'jtag frequency' command is executed.
13:46:52 INFO  : Sourcing of 'D:/CSULB_Classes/CECS_461/Lab_4/Lab_3/project_4/project_4.sdk/system_wrapper_hw_platform_0/ps7_init.tcl' is done.
13:46:52 INFO  : Context for 'APU' is selected.
13:46:52 INFO  : Hardware design information is loaded from 'D:/CSULB_Classes/CECS_461/Lab_4/Lab_3/project_4/project_4.sdk/system_wrapper_hw_platform_0/system.hdf'.
13:46:52 INFO  : 'configparams force-mem-access 1' command is executed.
13:46:52 INFO  : Context for 'APU' is selected.
13:46:52 INFO  : 'stop' command is executed.
13:46:53 INFO  : 'ps7_init' command is executed.
13:46:53 INFO  : 'ps7_post_config' command is executed.
13:46:53 INFO  : Context for processor 'ps7_cortexa9_0' is selected.
13:46:53 INFO  : Processor reset is completed for 'ps7_cortexa9_0'.
13:46:53 INFO  : Context for processor 'ps7_cortexa9_0' is selected.
13:46:54 INFO  : The application 'D:/CSULB_Classes/CECS_461/Lab_4/Lab_3/project_4/project_4.sdk/lab_4/Debug/lab_4.elf' is downloaded to processor 'ps7_cortexa9_0'.
13:46:54 INFO  : 'configparams force-mem-access 0' command is executed.
13:46:54 INFO  : ----------------XSDB Script----------------
connect -url tcp:127.0.0.1:3121
source D:/CSULB_Classes/CECS_461/Lab_4/Lab_3/project_4/project_4.sdk/system_wrapper_hw_platform_0/ps7_init.tcl
targets -set -nocase -filter {name =~"APU*" && jtag_cable_name =~ "Digilent Zybo Z7 210351A81A7FA"} -index 0
loadhw -hw D:/CSULB_Classes/CECS_461/Lab_4/Lab_3/project_4/project_4.sdk/system_wrapper_hw_platform_0/system.hdf -mem-ranges [list {0x40000000 0xbfffffff}]
configparams force-mem-access 1
targets -set -nocase -filter {name =~"APU*" && jtag_cable_name =~ "Digilent Zybo Z7 210351A81A7FA"} -index 0
stop
ps7_init
ps7_post_config
targets -set -nocase -filter {name =~ "ARM*#0" && jtag_cable_name =~ "Digilent Zybo Z7 210351A81A7FA"} -index 0
rst -processor
targets -set -nocase -filter {name =~ "ARM*#0" && jtag_cable_name =~ "Digilent Zybo Z7 210351A81A7FA"} -index 0
dow D:/CSULB_Classes/CECS_461/Lab_4/Lab_3/project_4/project_4.sdk/lab_4/Debug/lab_4.elf
configparams force-mem-access 0
----------------End of Script----------------

13:46:54 INFO  : Context for processor 'ps7_cortexa9_0' is selected.
13:46:54 INFO  : 'con' command is executed.
13:46:54 INFO  : ----------------XSDB Script (After Launch)----------------
targets -set -nocase -filter {name =~ "ARM*#0" && jtag_cable_name =~ "Digilent Zybo Z7 210351A81A7FA"} -index 0
con
----------------End of Script----------------

13:46:54 INFO  : Disconnected from the channel tcfchan#1.
