21:28:09 INFO  : Registering command handlers for SDK TCF services
21:28:11 INFO  : Launching XSCT server: xsct.bat -interactive D:\CSULB_Classes\CECS_461\Lab_3\project_3\project_3.sdk\temp_xsdb_launch_script.tcl
21:28:18 INFO  : XSCT server has started successfully.
21:28:18 INFO  : Successfully done setting XSCT server connection channel  
21:28:19 INFO  : Successfully done setting SDK workspace  
21:28:19 INFO  : Processing command line option -hwspec D:/CSULB_Classes/CECS_461/Lab_3/project_3/project_3.sdk/system_wrapper.hdf.
22:57:21 INFO  : Connected to target on host '127.0.0.1' and port '3121'.
22:57:22 INFO  : 'targets -set -filter {jtag_cable_name =~ "Digilent Zybo Z7 210351A81A7FA" && level==0} -index 1' command is executed.
22:57:23 INFO  : FPGA configured successfully with bitstream "D:/CSULB_Classes/CECS_461/Lab_3/project_3/project_3.sdk/system_wrapper_hw_platform_0/system_wrapper.bit"
22:58:05 INFO  : Connected to target on host '127.0.0.1' and port '3121'.
22:58:06 INFO  : 'targets -set -filter {jtag_cable_name =~ "Digilent Zybo Z7 210351A81A7FA" && level==0} -index 1' command is executed.
22:58:07 INFO  : FPGA configured successfully with bitstream "D:/CSULB_Classes/CECS_461/Lab_3/project_3/project_3.sdk/system_wrapper_hw_platform_0/system_wrapper.bit"
22:58:15 INFO  : 'targets -set -filter {jtag_cable_name =~ "Digilent Zybo Z7 210351A81A7FA" && level==0} -index 1' command is executed.
22:58:15 INFO  : 'fpga -state' command is executed.
22:58:15 INFO  : Connected to target on host '127.0.0.1' and port '3121'.
22:58:16 INFO  : Jtag cable 'Digilent Zybo Z7 210351A81A7FA' is selected.
22:58:16 INFO  : 'jtag frequency' command is executed.
22:58:16 INFO  : Sourcing of 'D:/CSULB_Classes/CECS_461/Lab_3/project_3/project_3.sdk/system_wrapper_hw_platform_0/ps7_init.tcl' is done.
22:58:16 INFO  : Context for 'APU' is selected.
22:58:16 INFO  : Hardware design information is loaded from 'D:/CSULB_Classes/CECS_461/Lab_3/project_3/project_3.sdk/system_wrapper_hw_platform_0/system.hdf'.
22:58:16 INFO  : 'configparams force-mem-access 1' command is executed.
22:58:17 INFO  : Context for 'APU' is selected.
22:58:17 INFO  : 'stop' command is executed.
22:58:17 INFO  : 'ps7_init' command is executed.
22:58:17 INFO  : 'ps7_post_config' command is executed.
22:58:17 INFO  : Context for processor 'ps7_cortexa9_0' is selected.
22:58:17 INFO  : Processor reset is completed for 'ps7_cortexa9_0'.
22:58:18 INFO  : Context for processor 'ps7_cortexa9_0' is selected.
22:58:18 INFO  : The application 'D:/CSULB_Classes/CECS_461/Lab_3/project_3/project_3.sdk/project_3/Debug/project_3.elf' is downloaded to processor 'ps7_cortexa9_0'.
22:58:18 INFO  : 'configparams force-mem-access 0' command is executed.
22:58:18 INFO  : ----------------XSDB Script----------------
connect -url tcp:127.0.0.1:3121
source D:/CSULB_Classes/CECS_461/Lab_3/project_3/project_3.sdk/system_wrapper_hw_platform_0/ps7_init.tcl
targets -set -nocase -filter {name =~"APU*" && jtag_cable_name =~ "Digilent Zybo Z7 210351A81A7FA"} -index 0
loadhw -hw D:/CSULB_Classes/CECS_461/Lab_3/project_3/project_3.sdk/system_wrapper_hw_platform_0/system.hdf -mem-ranges [list {0x40000000 0xbfffffff}]
configparams force-mem-access 1
targets -set -nocase -filter {name =~"APU*" && jtag_cable_name =~ "Digilent Zybo Z7 210351A81A7FA"} -index 0
stop
ps7_init
ps7_post_config
targets -set -nocase -filter {name =~ "ARM*#0" && jtag_cable_name =~ "Digilent Zybo Z7 210351A81A7FA"} -index 0
rst -processor
targets -set -nocase -filter {name =~ "ARM*#0" && jtag_cable_name =~ "Digilent Zybo Z7 210351A81A7FA"} -index 0
dow D:/CSULB_Classes/CECS_461/Lab_3/project_3/project_3.sdk/project_3/Debug/project_3.elf
configparams force-mem-access 0
----------------End of Script----------------

22:58:18 INFO  : Context for processor 'ps7_cortexa9_0' is selected.
22:58:18 INFO  : 'con' command is executed.
22:58:18 INFO  : ----------------XSDB Script (After Launch)----------------
targets -set -nocase -filter {name =~ "ARM*#0" && jtag_cable_name =~ "Digilent Zybo Z7 210351A81A7FA"} -index 0
con
----------------End of Script----------------

22:58:18 INFO  : Disconnected from the channel tcfchan#1.
