#-----------------------------------------------------------
# Vivado v2018.3 (64-bit)
# SW Build 2405991 on Thu Dec  6 23:38:27 MST 2018
# IP Build 2404404 on Fri Dec  7 01:43:56 MST 2018
# Start of session at: Thu Apr 25 13:59:36 2019
# Process ID: 31320
# Current directory: D:/CSULB_Classes/CECS_461/Lab_5/Lab_4/Lab_3/project_5
# Command line: vivado.exe -gui_launcher_event rodinguilauncherevent33920 D:\CSULB_Classes\CECS_461\Lab_5\Lab_4\Lab_3\project_5\project_5.xpr
# Log file: D:/CSULB_Classes/CECS_461/Lab_5/Lab_4/Lab_3/project_5/vivado.log
# Journal file: D:/CSULB_Classes/CECS_461/Lab_5/Lab_4/Lab_3/project_5\vivado.jou
#-----------------------------------------------------------
start_gui
open_project D:/CSULB_Classes/CECS_461/Lab_5/Lab_4/Lab_3/project_5/project_5.xpr
Scanning sources...
Finished scanning sources
INFO: [IP_Flow 19-234] Refreshing IP repositories
INFO: [IP_Flow 19-1700] Loaded user IP repository 'd:/CSULB_Classes/CECS_461/Lab_5/Lab_4/Lab_3/led_ip'.
INFO: [IP_Flow 19-2313] Loaded Vivado IP repository 'C:/Xilinx/Vivado/2018.3/data/ip'.
WARNING: [IP_Flow 19-3664] IP 'system_led_ip_0_0' generated file not found 'd:/CSULB_Classes/CECS_461/Lab_5/Lab_4/Lab_3/project_5/project_5.srcs/sources_1/bd/lab3_user_logic.v'. Please regenerate to continue.
WARNING: [IP_Flow 19-3664] IP 'system_led_ip_0_0' generated file not found 'd:/CSULB_Classes/CECS_461/Lab_5/Lab_4/Lab_3/project_5/project_5.srcs/sources_1/bd/lab3_user_logic.v'. Please regenerate to continue.
open_project: Time (s): cpu = 00:00:53 ; elapsed = 00:00:30 . Memory (MB): peak = 879.410 ; gain = 17.563
update_compile_order -fileset sources_1
launch_sdk -workspace D:/CSULB_Classes/CECS_461/Lab_5/Lab_4/Lab_3/project_5/project_5.sdk -hwspec D:/CSULB_Classes/CECS_461/Lab_5/Lab_4/Lab_3/project_5/project_5.sdk/system_wrapper.hdf
INFO: [Vivado 12-393] Launching SDK...
INFO: [Vivado 12-417] Running xsdk -workspace D:/CSULB_Classes/CECS_461/Lab_5/Lab_4/Lab_3/project_5/project_5.sdk -hwspec D:/CSULB_Classes/CECS_461/Lab_5/Lab_4/Lab_3/project_5/project_5.sdk/system_wrapper.hdf
INFO: [Vivado 12-3157] SDK launch initiated. Please check console for any further messages.
open_hw
connect_hw_server
INFO: [Labtools 27-2285] Connecting to hw_server url TCP:localhost:3121
open_hw_target
INFO: [Labtoolstcl 44-466] Opening hw_target localhost:3121/xilinx_tcf/Digilent/210351A81A7FA
open_hw_target: Time (s): cpu = 00:00:13 ; elapsed = 00:00:19 . Memory (MB): peak = 1706.922 ; gain = 760.055
set_property PROGRAM.FILE {D:/CSULB_Classes/CECS_461/Lab_5/Lab_4/Lab_3/project_5/project_5.runs/impl_1/system_wrapper.bit} [get_hw_devices xc7z010_1]
current_hw_device [get_hw_devices xc7z010_1]
refresh_hw_device -update_hw_probes false [lindex [get_hw_devices xc7z010_1] 0]
INFO: [Labtools 27-1435] Device xc7z010 (JTAG device index = 1) is not programmed (DONE status = 0).
ERROR: [Labtoolstcl 44-513] HW Target shutdown. Closing target: localhost:3121/xilinx_tcf/Digilent/210351A81A7FA
exit
INFO: [Common 17-206] Exiting Vivado at Thu Apr 25 21:46:47 2019...
