Copyright 1986-2018 Xilinx, Inc. All Rights Reserved.
-------------------------------------------------------------------------------------------------------
| Tool Version : Vivado v.2018.3 (win64) Build 2405991 Thu Dec  6 23:38:27 MST 2018
| Date         : Sat Feb 16 12:13:14 2019
| Host         : MSI running 64-bit major release  (build 9200)
| Command      : report_control_sets -verbose -file midterm_1_practice_wrapper_control_sets_placed.rpt
| Design       : midterm_1_practice_wrapper
| Device       : xc7z010
-------------------------------------------------------------------------------------------------------

Control Set Information

Table of Contents
-----------------
1. Summary
2. Histogram
3. Flip-Flop Distribution
4. Detailed Control Set Information

1. Summary
----------

+----------------------------------------------------------+-------+
|                          Status                          | Count |
+----------------------------------------------------------+-------+
| Number of unique control sets                            |    55 |
| Unused register locations in slices containing registers |   168 |
+----------------------------------------------------------+-------+


2. Histogram
------------

+--------+--------------+
| Fanout | Control Sets |
+--------+--------------+
|      1 |            1 |
|      2 |            1 |
|      4 |           18 |
|      5 |            6 |
|      6 |            1 |
|      8 |            2 |
|     10 |            1 |
|     12 |            4 |
|     13 |            2 |
|     14 |            2 |
|     15 |            1 |
|    16+ |           16 |
+--------+--------------+


3. Flip-Flop Distribution
-------------------------

+--------------+-----------------------+------------------------+-----------------+--------------+
| Clock Enable | Synchronous Set/Reset | Asynchronous Set/Reset | Total Registers | Total Slices |
+--------------+-----------------------+------------------------+-----------------+--------------+
| No           | No                    | No                     |             211 |           61 |
| No           | No                    | Yes                    |               0 |            0 |
| No           | Yes                   | No                     |             123 |           45 |
| Yes          | No                    | No                     |             458 |          115 |
| Yes          | No                    | Yes                    |               0 |            0 |
| Yes          | Yes                   | No                     |             104 |           34 |
+--------------+-----------------------+------------------------+-----------------+--------------+


4. Detailed Control Set Information
-----------------------------------

+-----------------------------------------------------------+--------------------------------------------------------------------------------------------------------------------------------------------------------------------------+-----------------------------------------------------------------------------------------------------------------------------------------------------------------+------------------+----------------+
|                        Clock Signal                       |                                                                               Enable Signal                                                                              |                                                                         Set/Reset Signal                                                                        | Slice Load Count | Bel Load Count |
+-----------------------------------------------------------+--------------------------------------------------------------------------------------------------------------------------------------------------------------------------+-----------------------------------------------------------------------------------------------------------------------------------------------------------------+------------------+----------------+
|  midterm_1_practice_i/processing_system7_0/inst/FCLK_CLK0 | midterm_1_practice_i/ps7_0_axi_periph/s00_couplers/auto_pc/inst/gen_axilite.gen_b2s_conv.axilite_b2s/WR.aw_channel_0/aw_cmd_fsm_0/m_axi_awready_1                        | midterm_1_practice_i/ps7_0_axi_periph/s00_couplers/auto_pc/inst/gen_axilite.gen_b2s_conv.axilite_b2s/WR.aw_channel_0/aw_cmd_fsm_0/m_axi_awready_0               |                1 |              1 |
|  midterm_1_practice_i/processing_system7_0/inst/FCLK_CLK0 | midterm_1_practice_i/ps7_0_axi_periph/s00_couplers/auto_pc/inst/gen_axilite.gen_b2s_conv.axilite_b2s/WR.b_channel_0/bid_fifo_0/sel                                       |                                                                                                                                                                 |                1 |              2 |
|  midterm_1_practice_i/processing_system7_0/inst/FCLK_CLK0 |                                                                                                                                                                          | midterm_1_practice_i/ps7_0_axi_periph/s00_couplers/auto_pc/inst/gen_axilite.gen_b2s_conv.axilite_b2s/SI_REG/aw.aw_pipe/aresetn_d_reg[0]_0                       |                3 |              4 |
|  midterm_1_practice_i/processing_system7_0/inst/FCLK_CLK0 |                                                                                                                                                                          | midterm_1_practice_i/buttons/U0/AXI_LITE_IPIF_I/I_SLAVE_ATTACHMENT/clear                                                                                        |                2 |              4 |
|  midterm_1_practice_i/processing_system7_0/inst/FCLK_CLK0 |                                                                                                                                                                          | midterm_1_practice_i/buttons/U0/AXI_LITE_IPIF_I/I_SLAVE_ATTACHMENT/I_DECODER/bus2ip_rnw_i_reg_0                                                                 |                1 |              4 |
|  midterm_1_practice_i/processing_system7_0/inst/FCLK_CLK0 | midterm_1_practice_i/buttons/U0/AXI_LITE_IPIF_I/I_SLAVE_ATTACHMENT/I_DECODER/bus2ip_rnw_i_reg[0]                                                                         | midterm_1_practice_i/buttons/U0/AXI_LITE_IPIF_I/I_SLAVE_ATTACHMENT/SR[0]                                                                                        |                1 |              4 |
|  midterm_1_practice_i/processing_system7_0/inst/FCLK_CLK0 |                                                                                                                                                                          | midterm_1_practice_i/LEDs/U0/AXI_LITE_IPIF_I/I_SLAVE_ATTACHMENT/clear                                                                                           |                1 |              4 |
|  midterm_1_practice_i/processing_system7_0/inst/FCLK_CLK0 | midterm_1_practice_i/LEDs/U0/AXI_LITE_IPIF_I/I_SLAVE_ATTACHMENT/bus2ip_addr_i[8]_i_1_n_0                                                                                 | midterm_1_practice_i/LEDs/U0/AXI_LITE_IPIF_I/I_SLAVE_ATTACHMENT/SR[0]                                                                                           |                2 |              4 |
|  midterm_1_practice_i/processing_system7_0/inst/FCLK_CLK0 | midterm_1_practice_i/LEDs/U0/AXI_LITE_IPIF_I/I_SLAVE_ATTACHMENT/start2                                                                                                   | midterm_1_practice_i/LEDs/U0/AXI_LITE_IPIF_I/I_SLAVE_ATTACHMENT/I_DECODER/cs_ce_clr                                                                             |                2 |              4 |
|  midterm_1_practice_i/processing_system7_0/inst/FCLK_CLK0 |                                                                                                                                                                          | midterm_1_practice_i/rst_ps7_0_100M/U0/EXT_LPF/lpf_int                                                                                                          |                1 |              4 |
|  midterm_1_practice_i/processing_system7_0/inst/FCLK_CLK0 |                                                                                                                                                                          | midterm_1_practice_i/switches/U0/AXI_LITE_IPIF_I/I_SLAVE_ATTACHMENT/I_DECODER/bus2ip_rnw_i_reg_0                                                                |                1 |              4 |
|  midterm_1_practice_i/processing_system7_0/inst/FCLK_CLK0 |                                                                                                                                                                          | midterm_1_practice_i/switches/U0/AXI_LITE_IPIF_I/I_SLAVE_ATTACHMENT/clear                                                                                       |                1 |              4 |
|  midterm_1_practice_i/processing_system7_0/inst/FCLK_CLK0 | midterm_1_practice_i/LEDs/U0/AXI_LITE_IPIF_I/I_SLAVE_ATTACHMENT/I_DECODER/bus2ip_rnw_i_reg[0]                                                                            | midterm_1_practice_i/LEDs/U0/AXI_LITE_IPIF_I/I_SLAVE_ATTACHMENT/SR[0]                                                                                           |                1 |              4 |
|  midterm_1_practice_i/processing_system7_0/inst/FCLK_CLK0 |                                                                                                                                                                          | midterm_1_practice_i/ps7_0_axi_periph/s00_couplers/auto_pc/inst/gen_axilite.gen_b2s_conv.axilite_b2s/SI_REG/ar.ar_pipe/aresetn_d_reg[1]_inv_0                   |                3 |              4 |
|  midterm_1_practice_i/processing_system7_0/inst/FCLK_CLK0 | midterm_1_practice_i/LEDs/U0/AXI_LITE_IPIF_I/I_SLAVE_ATTACHMENT/I_DECODER/E[0]                                                                                           | midterm_1_practice_i/LEDs/U0/AXI_LITE_IPIF_I/I_SLAVE_ATTACHMENT/SR[0]                                                                                           |                1 |              4 |
|  midterm_1_practice_i/processing_system7_0/inst/FCLK_CLK0 | midterm_1_practice_i/buttons/U0/AXI_LITE_IPIF_I/I_SLAVE_ATTACHMENT/bus2ip_addr_i[8]_i_1_n_0                                                                              | midterm_1_practice_i/buttons/U0/AXI_LITE_IPIF_I/I_SLAVE_ATTACHMENT/SR[0]                                                                                        |                1 |              4 |
|  midterm_1_practice_i/processing_system7_0/inst/FCLK_CLK0 | midterm_1_practice_i/buttons/U0/AXI_LITE_IPIF_I/I_SLAVE_ATTACHMENT/start2                                                                                                | midterm_1_practice_i/buttons/U0/AXI_LITE_IPIF_I/I_SLAVE_ATTACHMENT/I_DECODER/cs_ce_clr                                                                          |                1 |              4 |
|  midterm_1_practice_i/processing_system7_0/inst/FCLK_CLK0 | midterm_1_practice_i/switches/U0/AXI_LITE_IPIF_I/I_SLAVE_ATTACHMENT/I_DECODER/bus2ip_rnw_i_reg[0]                                                                        | midterm_1_practice_i/switches/U0/AXI_LITE_IPIF_I/I_SLAVE_ATTACHMENT/SR[0]                                                                                       |                1 |              4 |
|  midterm_1_practice_i/processing_system7_0/inst/FCLK_CLK0 | midterm_1_practice_i/switches/U0/AXI_LITE_IPIF_I/I_SLAVE_ATTACHMENT/start2                                                                                               | midterm_1_practice_i/switches/U0/AXI_LITE_IPIF_I/I_SLAVE_ATTACHMENT/I_DECODER/cs_ce_clr                                                                         |                1 |              4 |
|  midterm_1_practice_i/processing_system7_0/inst/FCLK_CLK0 | midterm_1_practice_i/switches/U0/AXI_LITE_IPIF_I/I_SLAVE_ATTACHMENT/bus2ip_addr_i[8]_i_1_n_0                                                                             | midterm_1_practice_i/switches/U0/AXI_LITE_IPIF_I/I_SLAVE_ATTACHMENT/SR[0]                                                                                       |                2 |              4 |
|  midterm_1_practice_i/processing_system7_0/inst/FCLK_CLK0 | midterm_1_practice_i/LEDs/U0/AXI_LITE_IPIF_I/I_SLAVE_ATTACHMENT/s_axi_rresp_i                                                                                            | midterm_1_practice_i/LEDs/U0/AXI_LITE_IPIF_I/I_SLAVE_ATTACHMENT/SR[0]                                                                                           |                1 |              5 |
|  midterm_1_practice_i/processing_system7_0/inst/FCLK_CLK0 | midterm_1_practice_i/buttons/U0/AXI_LITE_IPIF_I/I_SLAVE_ATTACHMENT/s_axi_rresp_i                                                                                         | midterm_1_practice_i/buttons/U0/AXI_LITE_IPIF_I/I_SLAVE_ATTACHMENT/SR[0]                                                                                        |                2 |              5 |
|  midterm_1_practice_i/processing_system7_0/inst/FCLK_CLK0 | midterm_1_practice_i/switches/U0/AXI_LITE_IPIF_I/I_SLAVE_ATTACHMENT/s_axi_rresp_i                                                                                        | midterm_1_practice_i/switches/U0/AXI_LITE_IPIF_I/I_SLAVE_ATTACHMENT/SR[0]                                                                                       |                1 |              5 |
|  midterm_1_practice_i/processing_system7_0/inst/FCLK_CLK0 | midterm_1_practice_i/ps7_0_axi_periph/s00_couplers/auto_pc/inst/gen_axilite.gen_b2s_conv.axilite_b2s/RD.ar_channel_0/ar_cmd_fsm_0/m_valid_i_reg                          | midterm_1_practice_i/ps7_0_axi_periph/s00_couplers/auto_pc/inst/gen_axilite.gen_b2s_conv.axilite_b2s/RD.ar_channel_0/ar_cmd_fsm_0/FSM_sequential_state_reg[0]_0 |                2 |              5 |
|  midterm_1_practice_i/processing_system7_0/inst/FCLK_CLK0 | midterm_1_practice_i/ps7_0_axi_periph/s00_couplers/auto_pc/inst/gen_axilite.gen_b2s_conv.axilite_b2s/RD.r_channel_0/rd_data_fifo_0/E[0]                                  | midterm_1_practice_i/ps7_0_axi_periph/s00_couplers/auto_pc/inst/gen_axilite.gen_b2s_conv.axilite_b2s/areset_d1                                                  |                2 |              5 |
|  midterm_1_practice_i/processing_system7_0/inst/FCLK_CLK0 | midterm_1_practice_i/ps7_0_axi_periph/s00_couplers/auto_pc/inst/gen_axilite.gen_b2s_conv.axilite_b2s/RD.r_channel_0/rd_data_fifo_0/cnt_read[4]_i_1_n_0                   | midterm_1_practice_i/ps7_0_axi_periph/s00_couplers/auto_pc/inst/gen_axilite.gen_b2s_conv.axilite_b2s/areset_d1                                                  |                2 |              5 |
|  midterm_1_practice_i/processing_system7_0/inst/FCLK_CLK0 | midterm_1_practice_i/rst_ps7_0_100M/U0/SEQ/seq_cnt_en                                                                                                                    | midterm_1_practice_i/rst_ps7_0_100M/U0/SEQ/SEQ_COUNTER/clear                                                                                                    |                1 |              6 |
|  midterm_1_practice_i/processing_system7_0/inst/FCLK_CLK0 |                                                                                                                                                                          | midterm_1_practice_i/LEDs/U0/gpio_core_1/Read_Reg_Rst                                                                                                           |                2 |              8 |
|  midterm_1_practice_i/processing_system7_0/inst/FCLK_CLK0 | midterm_1_practice_i/ps7_0_axi_periph/s00_couplers/auto_pc/inst/gen_axilite.gen_b2s_conv.axilite_b2s/WR.b_channel_0/mhandshake_r                                         | midterm_1_practice_i/ps7_0_axi_periph/s00_couplers/auto_pc/inst/gen_axilite.gen_b2s_conv.axilite_b2s/WR.b_channel_0/bid_fifo_0/SR[0]                            |                3 |              8 |
|  midterm_1_practice_i/processing_system7_0/inst/FCLK_CLK0 |                                                                                                                                                                          | midterm_1_practice_i/ps7_0_axi_periph/s00_couplers/auto_pc/inst/gen_axilite.gen_b2s_conv.axilite_b2s/areset_d1                                                  |                4 |             10 |
|  midterm_1_practice_i/processing_system7_0/inst/FCLK_CLK0 | midterm_1_practice_i/ps7_0_axi_periph/s00_couplers/auto_pc/inst/gen_axilite.gen_b2s_conv.axilite_b2s/RD.ar_channel_0/ar_cmd_fsm_0/sel_first_reg[0]                       |                                                                                                                                                                 |                2 |             12 |
|  midterm_1_practice_i/processing_system7_0/inst/FCLK_CLK0 | midterm_1_practice_i/ps7_0_axi_periph/s00_couplers/auto_pc/inst/gen_axilite.gen_b2s_conv.axilite_b2s/RD.ar_channel_0/ar_cmd_fsm_0/E[0]                                   |                                                                                                                                                                 |                6 |             12 |
|  midterm_1_practice_i/processing_system7_0/inst/FCLK_CLK0 | midterm_1_practice_i/ps7_0_axi_periph/s00_couplers/auto_pc/inst/gen_axilite.gen_b2s_conv.axilite_b2s/WR.aw_channel_0/aw_cmd_fsm_0/E[0]                                   |                                                                                                                                                                 |                5 |             12 |
|  midterm_1_practice_i/processing_system7_0/inst/FCLK_CLK0 | midterm_1_practice_i/ps7_0_axi_periph/s00_couplers/auto_pc/inst/gen_axilite.gen_b2s_conv.axilite_b2s/WR.aw_channel_0/cmd_translator_0/incr_cmd_0/axaddr_incr[11]_i_1_n_0 |                                                                                                                                                                 |                2 |             12 |
|  midterm_1_practice_i/processing_system7_0/inst/FCLK_CLK0 |                                                                                                                                                                          | midterm_1_practice_i/ps7_0_axi_periph/xbar/inst/gen_sasd.crossbar_sasd_0/addr_arbiter_inst/SR[0]                                                                |                5 |             13 |
|  midterm_1_practice_i/processing_system7_0/inst/FCLK_CLK0 | midterm_1_practice_i/ps7_0_axi_periph/s00_couplers/auto_pc/inst/gen_axilite.gen_b2s_conv.axilite_b2s/RD.r_channel_0/r_push_r                                             |                                                                                                                                                                 |                4 |             13 |
|  midterm_1_practice_i/processing_system7_0/inst/FCLK_CLK0 | midterm_1_practice_i/ps7_0_axi_periph/s00_couplers/auto_pc/inst/gen_axilite.gen_b2s_conv.axilite_b2s/SI_REG/b.b_pipe/p_1_in                                              |                                                                                                                                                                 |                2 |             14 |
|  midterm_1_practice_i/processing_system7_0/inst/FCLK_CLK0 | midterm_1_practice_i/ps7_0_axi_periph/s00_couplers/auto_pc/inst/gen_axilite.gen_b2s_conv.axilite_b2s/SI_REG/b.b_pipe/s_ready_i_reg_0                                     |                                                                                                                                                                 |                3 |             14 |
|  midterm_1_practice_i/processing_system7_0/inst/FCLK_CLK0 | midterm_1_practice_i/ps7_0_axi_periph/xbar/inst/gen_sasd.crossbar_sasd_0/reg_slice_r/aa_rready                                                                           |                                                                                                                                                                 |               10 |             15 |
|  midterm_1_practice_i/processing_system7_0/inst/FCLK_CLK0 | midterm_1_practice_i/ps7_0_axi_periph/s00_couplers/auto_pc/inst/gen_axilite.gen_b2s_conv.axilite_b2s/WR.aw_channel_0/aw_cmd_fsm_0/b_push                                 |                                                                                                                                                                 |                3 |             16 |
|  midterm_1_practice_i/processing_system7_0/inst/FCLK_CLK0 | midterm_1_practice_i/ps7_0_axi_periph/xbar/inst/gen_sasd.crossbar_sasd_0/addr_arbiter_inst/p_0_in1_in                                                                    | midterm_1_practice_i/ps7_0_axi_periph/xbar/inst/gen_sasd.crossbar_sasd_0/addr_arbiter_inst/SR[0]                                                                |                6 |             19 |
|  midterm_1_practice_i/processing_system7_0/inst/FCLK_CLK0 |                                                                                                                                                                          | midterm_1_practice_i/switches/U0/AXI_LITE_IPIF_I/I_SLAVE_ATTACHMENT/SR[0]                                                                                       |                6 |             20 |
|  midterm_1_practice_i/processing_system7_0/inst/FCLK_CLK0 |                                                                                                                                                                          | midterm_1_practice_i/LEDs/U0/AXI_LITE_IPIF_I/I_SLAVE_ATTACHMENT/SR[0]                                                                                           |                7 |             20 |
|  midterm_1_practice_i/processing_system7_0/inst/FCLK_CLK0 |                                                                                                                                                                          | midterm_1_practice_i/buttons/U0/AXI_LITE_IPIF_I/I_SLAVE_ATTACHMENT/SR[0]                                                                                        |                8 |             20 |
|  midterm_1_practice_i/processing_system7_0/inst/FCLK_CLK0 | midterm_1_practice_i/ps7_0_axi_periph/s00_couplers/auto_pc/inst/gen_axilite.gen_b2s_conv.axilite_b2s/RD.ar_channel_0/ar_cmd_fsm_0/m_valid_i_reg                          |                                                                                                                                                                 |                9 |             21 |
|  midterm_1_practice_i/processing_system7_0/inst/FCLK_CLK0 | midterm_1_practice_i/ps7_0_axi_periph/s00_couplers/auto_pc/inst/gen_axilite.gen_b2s_conv.axilite_b2s/WR.aw_channel_0/aw_cmd_fsm_0/m_axi_awready_1                        |                                                                                                                                                                 |               11 |             25 |
|  midterm_1_practice_i/processing_system7_0/inst/FCLK_CLK0 | midterm_1_practice_i/ps7_0_axi_periph/s00_couplers/auto_pc/inst/gen_axilite.gen_b2s_conv.axilite_b2s/RD.r_channel_0/rd_data_fifo_0/wr_en0                                |                                                                                                                                                                 |                9 |             34 |
|  midterm_1_practice_i/processing_system7_0/inst/FCLK_CLK0 | midterm_1_practice_i/ps7_0_axi_periph/xbar/inst/gen_sasd.crossbar_sasd_0/addr_arbiter_inst/E[0]                                                                          |                                                                                                                                                                 |                9 |             35 |
|  midterm_1_practice_i/processing_system7_0/inst/FCLK_CLK0 | midterm_1_practice_i/ps7_0_axi_periph/s00_couplers/auto_pc/inst/gen_axilite.gen_b2s_conv.axilite_b2s/SI_REG/r.r_pipe/s_ready_i_reg_0                                     |                                                                                                                                                                 |                8 |             47 |
|  midterm_1_practice_i/processing_system7_0/inst/FCLK_CLK0 | midterm_1_practice_i/ps7_0_axi_periph/s00_couplers/auto_pc/inst/gen_axilite.gen_b2s_conv.axilite_b2s/SI_REG/r.r_pipe/p_1_in                                              |                                                                                                                                                                 |                7 |             47 |
|  midterm_1_practice_i/processing_system7_0/inst/FCLK_CLK0 | midterm_1_practice_i/ps7_0_axi_periph/s00_couplers/auto_pc/inst/gen_axilite.gen_b2s_conv.axilite_b2s/RD.ar_channel_0/ar_cmd_fsm_0/FSM_sequential_state_reg[1]_0[0]       |                                                                                                                                                                 |               12 |             48 |
|  midterm_1_practice_i/processing_system7_0/inst/FCLK_CLK0 | midterm_1_practice_i/ps7_0_axi_periph/s00_couplers/auto_pc/inst/gen_axilite.gen_b2s_conv.axilite_b2s/WR.aw_channel_0/aw_cmd_fsm_0/m_valid_i_reg[0]                       |                                                                                                                                                                 |                9 |             48 |
|  midterm_1_practice_i/processing_system7_0/inst/FCLK_CLK0 | midterm_1_practice_i/ps7_0_axi_periph/s00_couplers/auto_pc/inst/gen_axilite.gen_b2s_conv.axilite_b2s/SI_REG/aw.aw_pipe/s_ready_i_reg_0                                   |                                                                                                                                                                 |                9 |             48 |
|  midterm_1_practice_i/processing_system7_0/inst/FCLK_CLK0 | midterm_1_practice_i/ps7_0_axi_periph/s00_couplers/auto_pc/inst/gen_axilite.gen_b2s_conv.axilite_b2s/SI_REG/ar.ar_pipe/s_ready_i_reg_0                                   |                                                                                                                                                                 |               11 |             48 |
|  midterm_1_practice_i/processing_system7_0/inst/FCLK_CLK0 |                                                                                                                                                                          |                                                                                                                                                                 |               62 |            212 |
+-----------------------------------------------------------+--------------------------------------------------------------------------------------------------------------------------------------------------------------------------+-----------------------------------------------------------------------------------------------------------------------------------------------------------------+------------------+----------------+


