14:23:02 INFO  : Registering command handlers for SDK TCF services
14:23:05 INFO  : Launching XSCT server: xsct.bat -interactive D:\CSULB_Classes\CECS_461\Lab_1\project_1\project_1.sdk\temp_xsdb_launch_script.tcl
14:23:12 INFO  : XSCT server has started successfully.
14:23:12 INFO  : Successfully done setting XSCT server connection channel  
14:23:17 INFO  : Successfully done setting SDK workspace  
14:23:17 INFO  : Processing command line option -hwspec D:/CSULB_Classes/CECS_461/Lab_1/project_1/project_1.sdk/system_wrapper.hdf.
15:52:15 INFO  : Connected to target on host '127.0.0.1' and port '3121'.
15:52:17 INFO  : Jtag cable 'Digilent Zybo 210279772455A' is selected.
15:52:17 INFO  : 'jtag frequency' command is executed.
15:52:17 INFO  : Sourcing of 'D:/CSULB_Classes/CECS_461/Lab_1/project_1/project_1.sdk/system_wrapper_hw_platform_0/ps7_init.tcl' is done.
15:52:17 INFO  : Context for 'APU' is selected.
15:52:17 INFO  : Hardware design information is loaded from 'D:/CSULB_Classes/CECS_461/Lab_1/project_1/project_1.sdk/system_wrapper_hw_platform_0/system.hdf'.
15:52:17 INFO  : 'configparams force-mem-access 1' command is executed.
15:52:17 INFO  : Context for 'APU' is selected.
15:52:17 INFO  : 'stop' command is executed.
15:52:18 INFO  : 'ps7_init' command is executed.
15:52:18 INFO  : 'ps7_post_config' command is executed.
15:52:18 INFO  : Context for processor 'ps7_cortexa9_0' is selected.
15:52:18 INFO  : Processor reset is completed for 'ps7_cortexa9_0'.
15:52:18 INFO  : Context for processor 'ps7_cortexa9_0' is selected.
15:52:18 INFO  : The application 'D:/CSULB_Classes/CECS_461/Lab_1/project_1/project_1.sdk/mem_test/Debug/mem_test.elf' is downloaded to processor 'ps7_cortexa9_0'.
15:52:18 INFO  : 'configparams force-mem-access 0' command is executed.
15:52:18 INFO  : ----------------XSDB Script----------------
connect -url tcp:127.0.0.1:3121
source D:/CSULB_Classes/CECS_461/Lab_1/project_1/project_1.sdk/system_wrapper_hw_platform_0/ps7_init.tcl
targets -set -nocase -filter {name =~"APU*" && jtag_cable_name =~ "Digilent Zybo 210279772455A"} -index 0
loadhw -hw D:/CSULB_Classes/CECS_461/Lab_1/project_1/project_1.sdk/system_wrapper_hw_platform_0/system.hdf -mem-ranges [list {0x40000000 0xbfffffff}]
configparams force-mem-access 1
targets -set -nocase -filter {name =~"APU*" && jtag_cable_name =~ "Digilent Zybo 210279772455A"} -index 0
stop
ps7_init
ps7_post_config
targets -set -nocase -filter {name =~ "ARM*#0" && jtag_cable_name =~ "Digilent Zybo 210279772455A"} -index 0
rst -processor
targets -set -nocase -filter {name =~ "ARM*#0" && jtag_cable_name =~ "Digilent Zybo 210279772455A"} -index 0
dow D:/CSULB_Classes/CECS_461/Lab_1/project_1/project_1.sdk/mem_test/Debug/mem_test.elf
configparams force-mem-access 0
----------------End of Script----------------

15:52:19 INFO  : Context for processor 'ps7_cortexa9_0' is selected.
15:52:19 INFO  : 'con' command is executed.
15:52:19 INFO  : ----------------XSDB Script (After Launch)----------------
targets -set -nocase -filter {name =~ "ARM*#0" && jtag_cable_name =~ "Digilent Zybo 210279772455A"} -index 0
con
----------------End of Script----------------

15:52:19 INFO  : Disconnected from the channel tcfchan#1.
